-------------------------------------------------------------------------------
Test set: AccountTest
-------------------------------------------------------------------------------
Tests run: 8, Failures: 1, Errors: 0, Skipped: 0, Time elapsed: 0.507 s <<< FAILURE! - in AccountTest
nameEndsWithSpaceTest(AccountTest)  Time elapsed: 0.006 s  <<< FAILURE!
java.lang.AssertionError
	at AccountTest.nameEndsWithSpaceTest(AccountTest.java:51)

