<?xml version="1.0" encoding="UTF-8"?>
<testsuite xmlns:xsi="http://www.w3.org/2001/XMLSchema-instance" xsi:noNamespaceSchemaLocation="https://maven.apache.org/surefire/maven-surefire-plugin/xsd/surefire-test-report.xsd" name="AccountTest" time="0.214" tests="6" errors="0" skipped="0" failures="0">
  <properties>
[...]
</properties>
  <testcase name="toLongNameTest" classname="AccountTest" time="0.052"/>
  <testcase name="nameEndsWithSpaceTest" classname="AccountTest" time="0.002"/>
  <testcase name="nameStartsWithSpaceTest" classname="AccountTest" time="0.002"/>
  <testcase name="nameWithoutSpaceTest" classname="AccountTest" time="0.002"/>
  <testcase name="toShortNameTest" classname="AccountTest" time="0.002"/>
  <testcase name="correctNameTest" classname="AccountTest" time="0.002"/>
</testsuite>